<?xml version="1.0" encoding="UTF-8"?>
<!-- Generated by org.testng.reporters.JUnitReportReporter -->
<testsuite skipped="1" hostname="TYSS" name="scripts.TestScripts" tests="2" failures="0" timestamp="26 Jul 2019 02:04:08 GMT" time="24.393" errors="0">
  <testcase name="testSortListBox" time="24.393" classname="scripts.TestScripts"/>
  <testcase name="testcreateEmployee" classname="scripts.TestScripts">
    <skipped/>
  </testcase> <!-- testcreateEmployee -->
</testsuite> <!-- scripts.TestScripts -->
