<?xml version="1.0" encoding="UTF-8"?>
<!-- Generated by org.testng.reporters.JUnitReportReporter -->
<testsuite hostname="TYSS" name="scripts.TestScripts" tests="1" failures="0" timestamp="26 Jul 2019 02:06:51 GMT" time="42.123" errors="0">
  <testcase name="testSortListBox" time="42.123" classname="scripts.TestScripts"/>
</testsuite> <!-- scripts.TestScripts -->
